# JRE version: OpenJDK Runtime Environment (7.0_75-b13) (build 1.7.0_75-b13)
# Java VM: OpenJDK Server VM (24.75-b04 mixed mode linux-x86 )
Heap
 PSYoungGen      total 30976K, used 30974K [0x9ddc0000, 0xa00c0000, 0xb3340000)
  eden space 28416K, 100% used [0x9ddc0000,0x9f980000,0x9f980000)
  from space 2560K, 99% used [0x9fc00000,0x9fe7f800,0x9fe80000)
  to   space 2560K, 99% used [0x9f980000,0x9fbfc4c8,0x9fc00000)
 ParOldGen       total 40704K, used 38189K [0x73340000, 0x75b00000, 0x9ddc0000)
  object space 40704K, 93% used [0x73340000,0x7588b4e8,0x75b00000)
 PSPermGen       total 16384K, used 4734K [0x6b340000, 0x6c340000, 0x73340000)
  object space 16384K, 28% used [0x6b340000,0x6b7df818,0x6c340000)
GC Heap History (9 events):
Event: 1.958 GC heap before
{Heap before GC invocations=1 (full 0):
 PSYoungGen      total 17920K, used 15360K [0x9ddc0000, 0x9f1c0000, 0xb3340000)
  eden space 15360K, 100% used [0x9ddc0000,0x9ecc0000,0x9ecc0000)
  from space 2560K, 0% used [0x9ef40000,0x9ef40000,0x9f1c0000)
  to   space 2560K, 0% used [0x9ecc0000,0x9ecc0000,0x9ef40000)
 ParOldGen       total 40704K, used 0K [0x73340000, 0x75b00000, 0x9ddc0000)
  object space 40704K, 0% used [0x73340000,0x73340000,0x75b00000)
 PSPermGen       total 16384K, used 3479K [0x6b340000, 0x6c340000, 0x73340000)
  object space 16384K, 21% used [0x6b340000,0x6b6a5d98,0x6c340000)
Event: 1.979 GC heap after
Heap after GC invocations=1 (full 0):
 PSYoungGen      total 17920K, used 2550K [0x9ddc0000, 0xa00c0000, 0xb3340000)
  eden space 15360K, 0% used [0x9ddc0000,0x9ddc0000,0x9ecc0000)
  from space 2560K, 99% used [0x9ecc0000,0x9ef3d9e8,0x9ef40000)
  to   space 2560K, 0% used [0x9fe40000,0x9fe40000,0xa00c0000)
 ParOldGen       total 40704K, used 1496K [0x73340000, 0x75b00000, 0x9ddc0000)
  object space 40704K, 3% used [0x73340000,0x734b6398,0x75b00000)
 PSPermGen       total 16384K, used 3479K [0x6b340000, 0x6c340000, 0x73340000)
  object space 16384K, 21% used [0x6b340000,0x6b6a5d98,0x6c340000)
}
Event: 6.142 GC heap before
{Heap before GC invocations=2 (full 0):
 PSYoungGen      total 17920K, used 17823K [0x9ddc0000, 0xa00c0000, 0xb3340000)
  eden space 15360K, 99% used [0x9ddc0000,0x9ecaa5f8,0x9ecc0000)
  from space 2560K, 99% used [0x9ecc0000,0x9ef3d9e8,0x9ef40000)
  to   space 2560K, 0% used [0x9fe40000,0x9fe40000,0xa00c0000)
 ParOldGen       total 40704K, used 1496K [0x73340000, 0x75b00000, 0x9ddc0000)
  object space 40704K, 3% used [0x73340000,0x734b6398,0x75b00000)
 PSPermGen       total 16384K, used 4666K [0x6b340000, 0x6c340000, 0x73340000)
  object space 16384K, 28% used [0x6b340000,0x6b7ceaa8,0x6c340000)
Event: 6.149 GC heap after
Heap after GC invocations=2 (full 0):
 PSYoungGen      total 17920K, used 2549K [0x9ddc0000, 0xa00c0000, 0xb3340000)
  eden space 15360K, 0% used [0x9ddc0000,0x9ddc0000,0x9ecc0000)
  from space 2560K, 99% used [0x9fe40000,0xa00bd710,0xa00c0000)
  to   space 2560K, 0% used [0x9ecc0000,0x9ecc0000,0x9ef40000)
 ParOldGen       total 40704K, used 5054K [0x73340000, 0x75b00000, 0x9ddc0000)
  object space 40704K, 12% used [0x73340000,0x7382f980,0x75b00000)
 PSPermGen       total 16384K, used 4666K [0x6b340000, 0x6c340000, 0x73340000)
  object space 16384K, 28% used [0x6b340000,0x6b7ceaa8,0x6c340000)
}
Event: 6.567 GC heap before
{Heap before GC invocations=3 (full 0):
 PSYoungGen      total 17920K, used 17909K [0x9ddc0000, 0xa00c0000, 0xb3340000)
  eden space 15360K, 100% used [0x9ddc0000,0x9ecc0000,0x9ecc0000)
  from space 2560K, 99% used [0x9fe40000,0xa00bd710,0xa00c0000)
  to   space 2560K, 0% used [0x9ecc0000,0x9ecc0000,0x9ef40000)
 ParOldGen       total 40704K, used 5054K [0x73340000, 0x75b00000, 0x9ddc0000)
  object space 40704K, 12% used [0x73340000,0x7382f980,0x75b00000)
 PSPermGen       total 16384K, used 4707K [0x6b340000, 0x6c340000, 0x73340000)
  object space 16384K, 28% used [0x6b340000,0x6b7d8f80,0x6c340000)
Event: 6.572 GC heap after
Heap after GC invocations=3 (full 0):
 PSYoungGen      total 17920K, used 2549K [0x9ddc0000, 0x9fe80000, 0xb3340000)
  eden space 15360K, 0% used [0x9ddc0000,0x9ddc0000,0x9ecc0000)
  from space 2560K, 99% used [0x9ecc0000,0x9ef3d4c8,0x9ef40000)
  to   space 2560K, 0% used [0x9fc00000,0x9fc00000,0x9fe80000)
 ParOldGen       total 40704K, used 7739K [0x73340000, 0x75b00000, 0x9ddc0000)
  object space 40704K, 19% used [0x73340000,0x73acef90,0x75b00000)
 PSPermGen       total 16384K, used 4707K [0x6b340000, 0x6c340000, 0x73340000)
  object space 16384K, 28% used [0x6b340000,0x6b7d8f80,0x6c340000)
}
Event: 6.702 GC heap before
{Heap before GC invocations=4 (full 0):
 PSYoungGen      total 17920K, used 17909K [0x9ddc0000, 0x9fe80000, 0xb3340000)
  eden space 15360K, 100% used [0x9ddc0000,0x9ecc0000,0x9ecc0000)
  from space 2560K, 99% used [0x9ecc0000,0x9ef3d4c8,0x9ef40000)
  to   space 2560K, 0% used [0x9fc00000,0x9fc00000,0x9fe80000)
 ParOldGen       total 40704K, used 7739K [0x73340000, 0x75b00000, 0x9ddc0000)
  object space 40704K, 19% used [0x73340000,0x73acef90,0x75b00000)
 PSPermGen       total 16384K, used 4720K [0x6b340000, 0x6c340000, 0x73340000)
  object space 16384K, 28% used [0x6b340000,0x6b7dc160,0x6c340000)
Event: 7.538 GC heap after
Heap after GC invocations=4 (full 0):
 PSYoungGen      total 30976K, used 2558K [0x9ddc0000, 0xa00c0000, 0xb3340000)
  eden space 28416K, 0% used [0x9ddc0000,0x9ddc0000,0x9f980000)
  from space 2560K, 99% used [0x9fc00000,0x9fe7f800,0x9fe80000)
  to   space 2560K, 0% used [0x9f980000,0x9f980000,0x9fc00000)
 ParOldGen       total 40704K, used 20237K [0x73340000, 0x75b00000, 0x9ddc0000)
  object space 40704K, 49% used [0x73340000,0x74703718,0x75b00000)
 PSPermGen       total 16384K, used 4720K [0x6b340000, 0x6c340000, 0x73340000)
  object space 16384K, 28% used [0x6b340000,0x6b7dc160,0x6c340000)
}
Event: 8.005 GC heap before
{Heap before GC invocations=5 (full 0):
 PSYoungGen      total 30976K, used 30974K [0x9ddc0000, 0xa00c0000, 0xb3340000)
  eden space 28416K, 100% used [0x9ddc0000,0x9f980000,0x9f980000)
  from space 2560K, 99% used [0x9fc00000,0x9fe7f800,0x9fe80000)
  to   space 2560K, 0% used [0x9f980000,0x9f980000,0x9fc00000)
 ParOldGen       total 40704K, used 20237K [0x73340000, 0x75b00000, 0x9ddc0000)
  object space 40704K, 49% used [0x73340000,0x74703718,0x75b00000)
 PSPermGen       total 16384K, used 4734K [0x6b340000, 0x6c340000, 0x73340000)
  object space 16384K, 28% used [0x6b340000,0x6b7df818,0x6c340000)

