# JRE version: 6.0_33-b33
# Java VM: OpenJDK Server VM (23.25-b01 mixed mode linux-x86 )
Heap
 PSYoungGen      total 130816K, used 100141K [0x9dea0000, 0xa77c0000, 0xb33f0000)
  eden space 116928K, 73% used [0x9dea0000,0xa32dc598,0xa50d0000)
  from space 13888K, 99% used [0xa6250000,0xa6fdf128,0xa6fe0000)
  to   space 17920K, 0% used [0xa50d0000,0xa50d0000,0xa6250000)
 ParOldGen       total 40832K, used 22460K [0x733f0000, 0x75bd0000, 0x9dea0000)
  object space 40832K, 55% used [0x733f0000,0x749df1d0,0x75bd0000)
 PSPermGen       total 16384K, used 3874K [0x6b3f0000, 0x6c3f0000, 0x733f0000)
  object space 16384K, 23% used [0x6b3f0000,0x6b7b88d8,0x6c3f0000)
GC Heap History (10 events):
Event: 5.658 GC heap before
{Heap before GC invocations=4 (full 0):
 PSYoungGen      total 17920K, used 17906K [0x9dea0000, 0xa01a0000, 0xb33f0000)
  eden space 15424K, 100% used [0x9dea0000,0x9edb0000,0x9edb0000)
  from space 2496K, 99% used [0x9edb0000,0x9f01cb38,0x9f020000)
  to   space 2496K, 0% used [0x9ff30000,0x9ff30000,0xa01a0000)
 ParOldGen       total 40832K, used 3919K [0x733f0000, 0x75bd0000, 0x9dea0000)
  object space 40832K, 9% used [0x733f0000,0x737c3fa8,0x75bd0000)
 PSPermGen       total 16384K, used 3773K [0x6b3f0000, 0x6c3f0000, 0x733f0000)
  object space 16384K, 23% used [0x6b3f0000,0x6b79f470,0x6c3f0000)
Event: 5.696 GC heap after
Heap after GC invocations=4 (full 0):
 PSYoungGen      total 33344K, used 2489K [0x9dea0000, 0xa01a0000, 0xb33f0000)
  eden space 30848K, 0% used [0x9dea0000,0x9dea0000,0x9fcc0000)
  from space 2496K, 99% used [0x9ff30000,0xa019e528,0xa01a0000)
  to   space 2496K, 0% used [0x9fcc0000,0x9fcc0000,0x9ff30000)
 ParOldGen       total 40832K, used 6630K [0x733f0000, 0x75bd0000, 0x9dea0000)
  object space 40832K, 16% used [0x733f0000,0x73a698b0,0x75bd0000)
 PSPermGen       total 16384K, used 3773K [0x6b3f0000, 0x6c3f0000, 0x733f0000)
  object space 16384K, 23% used [0x6b3f0000,0x6b79f470,0x6c3f0000)
}
Event: 7.872 GC heap before
{Heap before GC invocations=5 (full 0):
 PSYoungGen      total 33344K, used 33337K [0x9dea0000, 0xa01a0000, 0xb33f0000)
  eden space 30848K, 100% used [0x9dea0000,0x9fcc0000,0x9fcc0000)
  from space 2496K, 99% used [0x9ff30000,0xa019e528,0xa01a0000)
  to   space 2496K, 0% used [0x9fcc0000,0x9fcc0000,0x9ff30000)
 ParOldGen       total 40832K, used 6630K [0x733f0000, 0x75bd0000, 0x9dea0000)
  object space 40832K, 16% used [0x733f0000,0x73a698b0,0x75bd0000)
 PSPermGen       total 16384K, used 3792K [0x6b3f0000, 0x6c3f0000, 0x733f0000)
  object space 16384K, 23% used [0x6b3f0000,0x6b7a4218,0x6c3f0000)
Event: 7.922 GC heap after
Heap after GC invocations=5 (full 0):
 PSYoungGen      total 33344K, used 2491K [0x9dea0000, 0xa2960000, 0xb33f0000)
  eden space 30848K, 0% used [0x9dea0000,0x9dea0000,0x9fcc0000)
  from space 2496K, 99% used [0x9fcc0000,0x9ff2ee28,0x9ff30000)
  to   space 7424K, 0% used [0xa2220000,0xa2220000,0xa2960000)
 ParOldGen       total 40832K, used 10482K [0x733f0000, 0x75bd0000, 0x9dea0000)
  object space 40832K, 25% used [0x733f0000,0x73e2ca18,0x75bd0000)
 PSPermGen       total 16384K, used 3792K [0x6b3f0000, 0x6c3f0000, 0x733f0000)
  object space 16384K, 23% used [0x6b3f0000,0x6b7a4218,0x6c3f0000)
}
Event: 9.713 GC heap before
{Heap before GC invocations=6 (full 0):
 PSYoungGen      total 33344K, used 33339K [0x9dea0000, 0xa2960000, 0xb33f0000)
  eden space 30848K, 100% used [0x9dea0000,0x9fcc0000,0x9fcc0000)
  from space 2496K, 99% used [0x9fcc0000,0x9ff2ee28,0x9ff30000)
  to   space 7424K, 0% used [0xa2220000,0xa2220000,0xa2960000)
 ParOldGen       total 40832K, used 10482K [0x733f0000, 0x75bd0000, 0x9dea0000)
  object space 40832K, 25% used [0x733f0000,0x73e2ca18,0x75bd0000)
 PSPermGen       total 16384K, used 3813K [0x6b3f0000, 0x6c3f0000, 0x733f0000)
  object space 16384K, 23% used [0x6b3f0000,0x6b7a97e8,0x6c3f0000)
Event: 9.761 GC heap after
Heap after GC invocations=6 (full 0):
 PSYoungGen      total 67904K, used 7412K [0x9dea0000, 0xa2bc0000, 0xb33f0000)
  eden space 60480K, 0% used [0x9dea0000,0x9dea0000,0xa19b0000)
  from space 7424K, 99% used [0xa2220000,0xa295d1d0,0xa2960000)
  to   space 8640K, 0% used [0xa19b0000,0xa19b0000,0xa2220000)
 ParOldGen       total 40832K, used 10594K [0x733f0000, 0x75bd0000, 0x9dea0000)
  object space 40832K, 25% used [0x733f0000,0x73e48a18,0x75bd0000)
 PSPermGen       total 16384K, used 3813K [0x6b3f0000, 0x6c3f0000, 0x733f0000)
  object space 16384K, 23% used [0x6b3f0000,0x6b7a97e8,0x6c3f0000)
}
Event: 12.826 GC heap before
{Heap before GC invocations=7 (full 0):
 PSYoungGen      total 67904K, used 67892K [0x9dea0000, 0xa2bc0000, 0xb33f0000)
  eden space 60480K, 100% used [0x9dea0000,0xa19b0000,0xa19b0000)
  from space 7424K, 99% used [0xa2220000,0xa295d1d0,0xa2960000)
  to   space 8640K, 0% used [0xa19b0000,0xa19b0000,0xa2220000)
 ParOldGen       total 40832K, used 10594K [0x733f0000, 0x75bd0000, 0x9dea0000)
  object space 40832K, 25% used [0x733f0000,0x73e48a18,0x75bd0000)
 PSPermGen       total 16384K, used 3831K [0x6b3f0000, 0x6c3f0000, 0x733f0000)
  object space 16384K, 23% used [0x6b3f0000,0x6b7adc38,0x6c3f0000)
Event: 12.909 GC heap after
Heap after GC invocations=7 (full 0):
 PSYoungGen      total 69120K, used 8629K [0x9dea0000, 0xa6fe0000, 0xb33f0000)
  eden space 60480K, 0% used [0x9dea0000,0x9dea0000,0xa19b0000)
  from space 8640K, 99% used [0xa19b0000,0xa221d6d0,0xa2220000)
  to   space 13888K, 0% used [0xa6250000,0xa6250000,0xa6fe0000)
 ParOldGen       total 40832K, used 18492K [0x733f0000, 0x75bd0000, 0x9dea0000)
  object space 40832K, 45% used [0x733f0000,0x745ff310,0x75bd0000)
 PSPermGen       total 16384K, used 3831K [0x6b3f0000, 0x6c3f0000, 0x733f0000)
  object space 16384K, 23% used [0x6b3f0000,0x6b7adc38,0x6c3f0000)
}
Event: 14.892 GC heap before
{Heap before GC invocations=8 (full 0):
 PSYoungGen      total 69120K, used 69109K [0x9dea0000, 0xa6fe0000, 0xb33f0000)
  eden space 60480K, 100% used [0x9dea0000,0xa19b0000,0xa19b0000)
  from space 8640K, 99% used [0xa19b0000,0xa221d6d0,0xa2220000)
  to   space 13888K, 0% used [0xa6250000,0xa6250000,0xa6fe0000)
 ParOldGen       total 40832K, used 18492K [0x733f0000, 0x75bd0000, 0x9dea0000)
  object space 40832K, 45% used [0x733f0000,0x745ff310,0x75bd0000)
 PSPermGen       total 16384K, used 3858K [0x6b3f0000, 0x6c3f0000, 0x733f0000)
  object space 16384K, 23% used [0x6b3f0000,0x6b7b4a20,0x6c3f0000)
Event: 15.037 GC heap after
Heap after GC invocations=8 (full 0):
 PSYoungGen      total 130816K, used 13884K [0x9dea0000, 0xa77c0000, 0xb33f0000)
  eden space 116928K, 0% used [0x9dea0000,0x9dea0000,0xa50d0000)
  from space 13888K, 99% used [0xa6250000,0xa6fdf128,0xa6fe0000)
  to   space 17920K, 0% used [0xa50d0000,0xa50d0000,0xa6250000)
 ParOldGen       total 40832K, used 22460K [0x733f0000, 0x75bd0000, 0x9dea0000)
  object space 40832K, 55% used [0x733f0000,0x749df1d0,0x75bd0000)
 PSPermGen       total 16384K, used 3858K [0x6b3f0000, 0x6c3f0000, 0x733f0000)
  object space 16384K, 23% used [0x6b3f0000,0x6b7b4a20,0x6c3f0000)
}

