# JRE version: Java(TM) SE Runtime Environment (7.0_72-b14) (build 1.7.0_72-b14)
# Java VM: Java HotSpot(TM) Server VM (24.72-b04 mixed mode linux-x86 )
Heap
 PSYoungGen      total 33280K, used 2556K [0x9dfc0000, 0xa02c0000, 0xb3540000)
  eden space 30720K, 0% used [0x9dfc0000,0x9dfc0000,0x9fdc0000)
  from space 2560K, 99% used [0x9fdc0000,0xa003f3a8,0xa0040000)
  to   space 2560K, 0% used [0xa0040000,0xa0040000,0xa02c0000)
 ParOldGen       total 40704K, used 37989K [0x73540000, 0x75d00000, 0x9dfc0000)
  object space 40704K, 93% used [0x73540000,0x75a59770,0x75d00000)
 PSPermGen       total 16384K, used 4420K [0x6f540000, 0x70540000, 0x73540000)
  object space 16384K, 26% used [0x6f540000,0x6f991140,0x70540000)
GC Heap History (9 events):
Event: 0.666 GC heap before
{Heap before GC invocations=1 (full 0):
 PSYoungGen      total 17920K, used 15230K [0x9dfc0000, 0x9f3c0000, 0xb3540000)
  eden space 15360K, 99% used [0x9dfc0000,0x9ee9f8b8,0x9eec0000)
  from space 2560K, 0% used [0x9f140000,0x9f140000,0x9f3c0000)
  to   space 2560K, 0% used [0x9eec0000,0x9eec0000,0x9f140000)
 ParOldGen       total 40704K, used 0K [0x73540000, 0x75d00000, 0x9dfc0000)
  object space 40704K, 0% used [0x73540000,0x73540000,0x75d00000)
 PSPermGen       total 16384K, used 3524K [0x6f540000, 0x70540000, 0x73540000)
  object space 16384K, 21% used [0x6f540000,0x6f8b1178,0x70540000)
Event: 0.673 GC heap after
Heap after GC invocations=1 (full 0):
 PSYoungGen      total 17920K, used 2548K [0x9dfc0000, 0x9f3c0000, 0xb3540000)
  eden space 15360K, 0% used [0x9dfc0000,0x9dfc0000,0x9eec0000)
  from space 2560K, 99% used [0x9eec0000,0x9f13d050,0x9f140000)
  to   space 2560K, 0% used [0x9f140000,0x9f140000,0x9f3c0000)
 ParOldGen       total 40704K, used 1927K [0x73540000, 0x75d00000, 0x9dfc0000)
  object space 40704K, 4% used [0x73540000,0x73721d30,0x75d00000)
 PSPermGen       total 16384K, used 3524K [0x6f540000, 0x70540000, 0x73540000)
  object space 16384K, 21% used [0x6f540000,0x6f8b1178,0x70540000)
}
Event: 1.123 GC heap before
{Heap before GC invocations=2 (full 0):
 PSYoungGen      total 17920K, used 17908K [0x9dfc0000, 0x9f3c0000, 0xb3540000)
  eden space 15360K, 100% used [0x9dfc0000,0x9eec0000,0x9eec0000)
  from space 2560K, 99% used [0x9eec0000,0x9f13d050,0x9f140000)
  to   space 2560K, 0% used [0x9f140000,0x9f140000,0x9f3c0000)
 ParOldGen       total 40704K, used 1927K [0x73540000, 0x75d00000, 0x9dfc0000)
  object space 40704K, 4% used [0x73540000,0x73721d30,0x75d00000)
 PSPermGen       total 16384K, used 4367K [0x6f540000, 0x70540000, 0x73540000)
  object space 16384K, 26% used [0x6f540000,0x6f983f98,0x70540000)
Event: 1.131 GC heap after
Heap after GC invocations=2 (full 0):
 PSYoungGen      total 17920K, used 2547K [0x9dfc0000, 0xa02c0000, 0xb3540000)
  eden space 15360K, 0% used [0x9dfc0000,0x9dfc0000,0x9eec0000)
  from space 2560K, 99% used [0x9f140000,0x9f3bccd8,0x9f3c0000)
  to   space 2560K, 0% used [0x9eec0000,0x9eec0000,0x9f140000)
 ParOldGen       total 40704K, used 5846K [0x73540000, 0x75d00000, 0x9dfc0000)
  object space 40704K, 14% used [0x73540000,0x73af5a68,0x75d00000)
 PSPermGen       total 16384K, used 4367K [0x6f540000, 0x70540000, 0x73540000)
  object space 16384K, 26% used [0x6f540000,0x6f983f98,0x70540000)
}
Event: 1.439 GC heap before
{Heap before GC invocations=3 (full 0):
 PSYoungGen      total 17920K, used 17907K [0x9dfc0000, 0xa02c0000, 0xb3540000)
  eden space 15360K, 100% used [0x9dfc0000,0x9eec0000,0x9eec0000)
  from space 2560K, 99% used [0x9f140000,0x9f3bccd8,0x9f3c0000)
  to   space 2560K, 0% used [0x9eec0000,0x9eec0000,0x9f140000)
 ParOldGen       total 40704K, used 5846K [0x73540000, 0x75d00000, 0x9dfc0000)
  object space 40704K, 14% used [0x73540000,0x73af5a68,0x75d00000)
 PSPermGen       total 16384K, used 4389K [0x6f540000, 0x70540000, 0x73540000)
  object space 16384K, 26% used [0x6f540000,0x6f989710,0x70540000)
Event: 1.445 GC heap after
Heap after GC invocations=3 (full 0):
 PSYoungGen      total 17920K, used 2431K [0x9dfc0000, 0xa02c0000, 0xb3540000)
  eden space 15360K, 0% used [0x9dfc0000,0x9dfc0000,0x9eec0000)
  from space 2560K, 94% used [0x9eec0000,0x9f11ffe8,0x9f140000)
  to   space 2560K, 0% used [0xa0040000,0xa0040000,0xa02c0000)
 ParOldGen       total 40704K, used 17628K [0x73540000, 0x75d00000, 0x9dfc0000)
  object space 40704K, 43% used [0x73540000,0x74677208,0x75d00000)
 PSPermGen       total 16384K, used 4389K [0x6f540000, 0x70540000, 0x73540000)
  object space 16384K, 26% used [0x6f540000,0x6f989710,0x70540000)
}
Event: 1.648 GC heap before
{Heap before GC invocations=4 (full 0):
 PSYoungGen      total 17920K, used 17791K [0x9dfc0000, 0xa02c0000, 0xb3540000)
  eden space 15360K, 100% used [0x9dfc0000,0x9eec0000,0x9eec0000)
  from space 2560K, 94% used [0x9eec0000,0x9f11ffe8,0x9f140000)
  to   space 2560K, 0% used [0xa0040000,0xa0040000,0xa02c0000)
 ParOldGen       total 40704K, used 17628K [0x73540000, 0x75d00000, 0x9dfc0000)
  object space 40704K, 43% used [0x73540000,0x74677208,0x75d00000)
 PSPermGen       total 16384K, used 4405K [0x6f540000, 0x70540000, 0x73540000)
  object space 16384K, 26% used [0x6f540000,0x6f98d7f0,0x70540000)
Event: 1.654 GC heap after
Heap after GC invocations=4 (full 0):
 PSYoungGen      total 33280K, used 2554K [0x9dfc0000, 0xa02c0000, 0xb3540000)
  eden space 30720K, 0% used [0x9dfc0000,0x9dfc0000,0x9fdc0000)
  from space 2560K, 99% used [0xa0040000,0xa02bebd0,0xa02c0000)
  to   space 2560K, 0% used [0x9fdc0000,0x9fdc0000,0xa0040000)
 ParOldGen       total 40704K, used 18222K [0x73540000, 0x75d00000, 0x9dfc0000)
  object space 40704K, 44% used [0x73540000,0x7470b900,0x75d00000)
 PSPermGen       total 16384K, used 4405K [0x6f540000, 0x70540000, 0x73540000)
  object space 16384K, 26% used [0x6f540000,0x6f98d7f0,0x70540000)
}
Event: 1.928 GC heap before
{Heap before GC invocations=5 (full 0):
 PSYoungGen      total 33280K, used 33274K [0x9dfc0000, 0xa02c0000, 0xb3540000)
  eden space 30720K, 100% used [0x9dfc0000,0x9fdc0000,0x9fdc0000)
  from space 2560K, 99% used [0xa0040000,0xa02bebd0,0xa02c0000)
  to   space 2560K, 0% used [0x9fdc0000,0x9fdc0000,0xa0040000)
 ParOldGen       total 40704K, used 18222K [0x73540000, 0x75d00000, 0x9dfc0000)
  object space 40704K, 44% used [0x73540000,0x7470b900,0x75d00000)
 PSPermGen       total 16384K, used 4420K [0x6f540000, 0x70540000, 0x73540000)
  object space 16384K, 26% used [0x6f540000,0x6f991140,0x70540000)

