# JRE version: Java(TM) SE Runtime Environment (7.0_72-b14) (build 1.7.0_72-b14)
# Java VM: Java HotSpot(TM) Server VM (24.72-b04 mixed mode linux-x86 )
Heap
 PSYoungGen      total 134912K, used 17910K [0x9e040000, 0xa79c0000, 0xb35c0000)
  eden space 116992K, 0% used [0x9e040000,0x9e040000,0xa5280000)
  from space 17920K, 99% used [0xa5280000,0xa63fd898,0xa6400000)
  to   space 13568K, 0% used [0xa6400000,0xa6400000,0xa7140000)
 ParOldGen       total 41472K, used 41219K [0x735c0000, 0x75e40000, 0x9e040000)
  object space 41472K, 99% used [0x735c0000,0x75e00f78,0x75e40000)
 PSPermGen       total 16384K, used 3824K [0x6f5c0000, 0x705c0000, 0x735c0000)
  object space 16384K, 23% used [0x6f5c0000,0x6f97c170,0x705c0000)
GC Heap History (10 events):
Event: 9.161 GC heap after
Heap after GC invocations=4 (full 0):
 PSYoungGen      total 33280K, used 2546K [0x9e040000, 0xa0340000, 0xb35c0000)
  eden space 30720K, 0% used [0x9e040000,0x9e040000,0x9fe40000)
  from space 2560K, 99% used [0xa00c0000,0xa033caf8,0xa0340000)
  to   space 2560K, 0% used [0x9fe40000,0x9fe40000,0xa00c0000)
 ParOldGen       total 40704K, used 8484K [0x735c0000, 0x75d80000, 0x9e040000)
  object space 40704K, 20% used [0x735c0000,0x73e09370,0x75d80000)
 PSPermGen       total 16384K, used 3652K [0x6f5c0000, 0x705c0000, 0x735c0000)
  object space 16384K, 22% used [0x6f5c0000,0x6f951238,0x705c0000)
}
Event: 12.418 GC heap before
{Heap before GC invocations=5 (full 0):
 PSYoungGen      total 33280K, used 33266K [0x9e040000, 0xa0340000, 0xb35c0000)
  eden space 30720K, 100% used [0x9e040000,0x9fe40000,0x9fe40000)
  from space 2560K, 99% used [0xa00c0000,0xa033caf8,0xa0340000)
  to   space 2560K, 0% used [0x9fe40000,0x9fe40000,0xa00c0000)
 ParOldGen       total 40704K, used 8484K [0x735c0000, 0x75d80000, 0x9e040000)
  object space 40704K, 20% used [0x735c0000,0x73e09370,0x75d80000)
 PSPermGen       total 16384K, used 3666K [0x6f5c0000, 0x705c0000, 0x735c0000)
  object space 16384K, 22% used [0x6f5c0000,0x6f954870,0x705c0000)
Event: 12.523 GC heap after
Heap after GC invocations=5 (full 0):
 PSYoungGen      total 33280K, used 2550K [0x9e040000, 0xa2b40000, 0xb35c0000)
  eden space 30720K, 0% used [0x9e040000,0x9e040000,0x9fe40000)
  from space 2560K, 99% used [0x9fe40000,0xa00bda30,0xa00c0000)
  to   space 7680K, 0% used [0xa23c0000,0xa23c0000,0xa2b40000)
 ParOldGen       total 40704K, used 13559K [0x735c0000, 0x75d80000, 0x9e040000)
  object space 40704K, 33% used [0x735c0000,0x742fdf28,0x75d80000)
 PSPermGen       total 16384K, used 3666K [0x6f5c0000, 0x705c0000, 0x735c0000)
  object space 16384K, 22% used [0x6f5c0000,0x6f954870,0x705c0000)
}
Event: 14.614 GC heap before
{Heap before GC invocations=6 (full 0):
 PSYoungGen      total 33280K, used 33270K [0x9e040000, 0xa2b40000, 0xb35c0000)
  eden space 30720K, 100% used [0x9e040000,0x9fe40000,0x9fe40000)
  from space 2560K, 99% used [0x9fe40000,0xa00bda30,0xa00c0000)
  to   space 7680K, 0% used [0xa23c0000,0xa23c0000,0xa2b40000)
 ParOldGen       total 40704K, used 13559K [0x735c0000, 0x75d80000, 0x9e040000)
  object space 40704K, 33% used [0x735c0000,0x742fdf28,0x75d80000)
 PSPermGen       total 16384K, used 3688K [0x6f5c0000, 0x705c0000, 0x735c0000)
  object space 16384K, 22% used [0x6f5c0000,0x6f95a3e0,0x705c0000)
Event: 14.705 GC heap after
Heap after GC invocations=6 (full 0):
 PSYoungGen      total 68352K, used 7253K [0x9e040000, 0xa2cc0000, 0xb35c0000)
  eden space 60672K, 0% used [0x9e040000,0x9e040000,0xa1b80000)
  from space 7680K, 94% used [0xa23c0000,0xa2ad54f8,0xa2b40000)
  to   space 8448K, 0% used [0xa1b80000,0xa1b80000,0xa23c0000)
 ParOldGen       total 40704K, used 13559K [0x735c0000, 0x75d80000, 0x9e040000)
  object space 40704K, 33% used [0x735c0000,0x742fdf28,0x75d80000)
 PSPermGen       total 16384K, used 3688K [0x6f5c0000, 0x705c0000, 0x735c0000)
  object space 16384K, 22% used [0x6f5c0000,0x6f95a3e0,0x705c0000)
}
Event: 18.053 GC heap before
{Heap before GC invocations=7 (full 0):
 PSYoungGen      total 68352K, used 67925K [0x9e040000, 0xa2cc0000, 0xb35c0000)
  eden space 60672K, 100% used [0x9e040000,0xa1b80000,0xa1b80000)
  from space 7680K, 94% used [0xa23c0000,0xa2ad54f8,0xa2b40000)
  to   space 8448K, 0% used [0xa1b80000,0xa1b80000,0xa23c0000)
 ParOldGen       total 40704K, used 13559K [0x735c0000, 0x75d80000, 0x9e040000)
  object space 40704K, 33% used [0x735c0000,0x742fdf28,0x75d80000)
 PSPermGen       total 16384K, used 3709K [0x6f5c0000, 0x705c0000, 0x735c0000)
  object space 16384K, 22% used [0x6f5c0000,0x6f95f600,0x705c0000)
Event: 19.049 GC heap after
Heap after GC invocations=7 (full 0):
 PSYoungGen      total 69120K, used 8432K [0x9e040000, 0xa7140000, 0xb35c0000)
  eden space 60672K, 0% used [0x9e040000,0x9e040000,0xa1b80000)
  from space 8448K, 99% used [0xa1b80000,0xa23bc2e8,0xa23c0000)
  to   space 13568K, 0% used [0xa6400000,0xa6400000,0xa7140000)
 ParOldGen       total 40704K, used 21725K [0x735c0000, 0x75d80000, 0x9e040000)
  object space 40704K, 53% used [0x735c0000,0x74af7768,0x75d80000)
 PSPermGen       total 16384K, used 3709K [0x6f5c0000, 0x705c0000, 0x735c0000)
  object space 16384K, 22% used [0x6f5c0000,0x6f95f600,0x705c0000)
}
Event: 20.647 GC heap before
{Heap before GC invocations=8 (full 0):
 PSYoungGen      total 69120K, used 69104K [0x9e040000, 0xa7140000, 0xb35c0000)
  eden space 60672K, 100% used [0x9e040000,0xa1b80000,0xa1b80000)
  from space 8448K, 99% used [0xa1b80000,0xa23bc2e8,0xa23c0000)
  to   space 13568K, 0% used [0xa6400000,0xa6400000,0xa7140000)
 ParOldGen       total 40704K, used 21725K [0x735c0000, 0x75d80000, 0x9e040000)
  object space 40704K, 53% used [0x735c0000,0x74af7768,0x75d80000)
 PSPermGen       total 16384K, used 3719K [0x6f5c0000, 0x705c0000, 0x735c0000)
  object space 16384K, 22% used [0x6f5c0000,0x6f961da8,0x705c0000)
Event: 20.731 GC heap after
Heap after GC invocations=8 (full 0):
 PSYoungGen      total 130560K, used 13561K [0x9e040000, 0xa79c0000, 0xb35c0000)
  eden space 116992K, 0% used [0x9e040000,0x9e040000,0xa5280000)
  from space 13568K, 99% used [0xa6400000,0xa713e598,0xa7140000)
  to   space 17920K, 0% used [0xa5280000,0xa5280000,0xa6400000)
 ParOldGen       total 40704K, used 26799K [0x735c0000, 0x75d80000, 0x9e040000)
  object space 40704K, 65% used [0x735c0000,0x74febfb8,0x75d80000)
 PSPermGen       total 16384K, used 3719K [0x6f5c0000, 0x705c0000, 0x735c0000)
  object space 16384K, 22% used [0x6f5c0000,0x6f961da8,0x705c0000)
}
Event: 23.204 GC heap before
{Heap before GC invocations=9 (full 0):
 PSYoungGen      total 130560K, used 130553K [0x9e040000, 0xa79c0000, 0xb35c0000)
  eden space 116992K, 100% used [0x9e040000,0xa5280000,0xa5280000)
  from space 13568K, 99% used [0xa6400000,0xa713e598,0xa7140000)
  to   space 17920K, 0% used [0xa5280000,0xa5280000,0xa6400000)
 ParOldGen       total 40704K, used 26799K [0x735c0000, 0x75d80000, 0x9e040000)
  object space 40704K, 65% used [0x735c0000,0x74febfb8,0x75d80000)
 PSPermGen       total 16384K, used 3824K [0x6f5c0000, 0x705c0000, 0x735c0000)
  object space 16384K, 23% used [0x6f5c0000,0x6f97c170,0x705c0000)

