# JRE version: OpenJDK Runtime Environment (7.0_75-b13) (build 1.7.0_75-b13)
# Java VM: OpenJDK Server VM (24.75-b04 mixed mode linux-x86 )
Heap
 PSYoungGen      total 17920K, used 2553K [0x9dd40000, 0xa0040000, 0xb32c0000)
  eden space 15360K, 0% used [0x9dd40000,0x9dd40000,0x9ec40000)
  from space 2560K, 99% used [0x9ec40000,0x9eebe4e8,0x9eec0000)
  to   space 2560K, 0% used [0x9eec0000,0x9eec0000,0x9f140000)
 ParOldGen       total 45568K, used 41207K [0x732c0000, 0x75f40000, 0x9dd40000)
  object space 45568K, 90% used [0x732c0000,0x75afdfe0,0x75f40000)
 PSPermGen       total 16384K, used 4723K [0x6b2c0000, 0x6c2c0000, 0x732c0000)
  object space 16384K, 28% used [0x6b2c0000,0x6b75cdf0,0x6c2c0000)
GC Heap History (9 events):
Event: 2.225 GC heap before
{Heap before GC invocations=1 (full 0):
 PSYoungGen      total 17920K, used 15360K [0x9dd40000, 0x9f140000, 0xb32c0000)
  eden space 15360K, 100% used [0x9dd40000,0x9ec40000,0x9ec40000)
  from space 2560K, 0% used [0x9eec0000,0x9eec0000,0x9f140000)
  to   space 2560K, 0% used [0x9ec40000,0x9ec40000,0x9eec0000)
 ParOldGen       total 40704K, used 0K [0x732c0000, 0x75a80000, 0x9dd40000)
  object space 40704K, 0% used [0x732c0000,0x732c0000,0x75a80000)
 PSPermGen       total 16384K, used 3480K [0x6b2c0000, 0x6c2c0000, 0x732c0000)
  object space 16384K, 21% used [0x6b2c0000,0x6b626090,0x6c2c0000)
Event: 2.232 GC heap after
Heap after GC invocations=1 (full 0):
 PSYoungGen      total 17920K, used 2550K [0x9dd40000, 0x9f140000, 0xb32c0000)
  eden space 15360K, 0% used [0x9dd40000,0x9dd40000,0x9ec40000)
  from space 2560K, 99% used [0x9ec40000,0x9eebd9e8,0x9eec0000)
  to   space 2560K, 0% used [0x9eec0000,0x9eec0000,0x9f140000)
 ParOldGen       total 40704K, used 1500K [0x732c0000, 0x75a80000, 0x9dd40000)
  object space 40704K, 3% used [0x732c0000,0x734372f0,0x75a80000)
 PSPermGen       total 16384K, used 3480K [0x6b2c0000, 0x6c2c0000, 0x732c0000)
  object space 16384K, 21% used [0x6b2c0000,0x6b626090,0x6c2c0000)
}
Event: 3.621 GC heap before
{Heap before GC invocations=2 (full 0):
 PSYoungGen      total 17920K, used 17877K [0x9dd40000, 0x9f140000, 0xb32c0000)
  eden space 15360K, 99% used [0x9dd40000,0x9ec37b68,0x9ec40000)
  from space 2560K, 99% used [0x9ec40000,0x9eebd9e8,0x9eec0000)
  to   space 2560K, 0% used [0x9eec0000,0x9eec0000,0x9f140000)
 ParOldGen       total 40704K, used 1500K [0x732c0000, 0x75a80000, 0x9dd40000)
  object space 40704K, 3% used [0x732c0000,0x734372f0,0x75a80000)
 PSPermGen       total 16384K, used 4668K [0x6b2c0000, 0x6c2c0000, 0x732c0000)
  object space 16384K, 28% used [0x6b2c0000,0x6b74f110,0x6c2c0000)
Event: 3.627 GC heap after
Heap after GC invocations=2 (full 0):
 PSYoungGen      total 17920K, used 2557K [0x9dd40000, 0x9f140000, 0xb32c0000)
  eden space 15360K, 0% used [0x9dd40000,0x9dd40000,0x9ec40000)
  from space 2560K, 99% used [0x9eec0000,0x9f13f410,0x9f140000)
  to   space 2560K, 0% used [0x9ec40000,0x9ec40000,0x9eec0000)
 ParOldGen       total 40704K, used 5068K [0x732c0000, 0x75a80000, 0x9dd40000)
  object space 40704K, 12% used [0x732c0000,0x737b30e0,0x75a80000)
 PSPermGen       total 16384K, used 4668K [0x6b2c0000, 0x6c2c0000, 0x732c0000)
  object space 16384K, 28% used [0x6b2c0000,0x6b74f110,0x6c2c0000)
}
Event: 4.025 GC heap before
{Heap before GC invocations=3 (full 0):
 PSYoungGen      total 17920K, used 17917K [0x9dd40000, 0x9f140000, 0xb32c0000)
  eden space 15360K, 100% used [0x9dd40000,0x9ec40000,0x9ec40000)
  from space 2560K, 99% used [0x9eec0000,0x9f13f410,0x9f140000)
  to   space 2560K, 0% used [0x9ec40000,0x9ec40000,0x9eec0000)
 ParOldGen       total 40704K, used 5068K [0x732c0000, 0x75a80000, 0x9dd40000)
  object space 40704K, 12% used [0x732c0000,0x737b30e0,0x75a80000)
 PSPermGen       total 16384K, used 4709K [0x6b2c0000, 0x6c2c0000, 0x732c0000)
  object space 16384K, 28% used [0x6b2c0000,0x6b759540,0x6c2c0000)
Event: 4.029 GC heap after
Heap after GC invocations=3 (full 0):
 PSYoungGen      total 17920K, used 2558K [0x9dd40000, 0x9f140000, 0xb32c0000)
  eden space 15360K, 0% used [0x9dd40000,0x9dd40000,0x9ec40000)
  from space 2560K, 99% used [0x9ec40000,0x9eebfa60,0x9eec0000)
  to   space 2560K, 0% used [0x9eec0000,0x9eec0000,0x9f140000)
 ParOldGen       total 40704K, used 8399K [0x732c0000, 0x75a80000, 0x9dd40000)
  object space 40704K, 20% used [0x732c0000,0x73af3e60,0x75a80000)
 PSPermGen       total 16384K, used 4709K [0x6b2c0000, 0x6c2c0000, 0x732c0000)
  object space 16384K, 28% used [0x6b2c0000,0x6b759540,0x6c2c0000)
}
Event: 4.173 GC heap before
{Heap before GC invocations=4 (full 0):
 PSYoungGen      total 17920K, used 17918K [0x9dd40000, 0x9f140000, 0xb32c0000)
  eden space 15360K, 100% used [0x9dd40000,0x9ec40000,0x9ec40000)
  from space 2560K, 99% used [0x9ec40000,0x9eebfa60,0x9eec0000)
  to   space 2560K, 0% used [0x9eec0000,0x9eec0000,0x9f140000)
 ParOldGen       total 40704K, used 8399K [0x732c0000, 0x75a80000, 0x9dd40000)
  object space 40704K, 20% used [0x732c0000,0x73af3e60,0x75a80000)
 PSPermGen       total 16384K, used 4721K [0x6b2c0000, 0x6c2c0000, 0x732c0000)
  object space 16384K, 28% used [0x6b2c0000,0x6b75c720,0x6c2c0000)
Event: 4.189 GC heap after
Heap after GC invocations=4 (full 0):
 PSYoungGen      total 17920K, used 2552K [0x9dd40000, 0xa0040000, 0xb32c0000)
  eden space 15360K, 0% used [0x9dd40000,0x9dd40000,0x9ec40000)
  from space 2560K, 99% used [0x9eec0000,0x9f13e3d0,0x9f140000)
  to   space 2560K, 0% used [0x9ec40000,0x9ec40000,0x9eec0000)
 ParOldGen       total 40704K, used 19766K [0x732c0000, 0x75a80000, 0x9dd40000)
  object space 40704K, 48% used [0x732c0000,0x7460d9d0,0x75a80000)
 PSPermGen       total 16384K, used 4721K [0x6b2c0000, 0x6c2c0000, 0x732c0000)
  object space 16384K, 28% used [0x6b2c0000,0x6b75c720,0x6c2c0000)
}
Event: 4.305 GC heap before
{Heap before GC invocations=5 (full 0):
 PSYoungGen      total 17920K, used 17912K [0x9dd40000, 0xa0040000, 0xb32c0000)
  eden space 15360K, 100% used [0x9dd40000,0x9ec40000,0x9ec40000)
  from space 2560K, 99% used [0x9eec0000,0x9f13e3d0,0x9f140000)
  to   space 2560K, 0% used [0x9ec40000,0x9ec40000,0x9eec0000)
 ParOldGen       total 40704K, used 19766K [0x732c0000, 0x75a80000, 0x9dd40000)
  object space 40704K, 48% used [0x732c0000,0x7460d9d0,0x75a80000)
 PSPermGen       total 16384K, used 4723K [0x6b2c0000, 0x6c2c0000, 0x732c0000)
  object space 16384K, 28% used [0x6b2c0000,0x6b75cdf0,0x6c2c0000)

