# JRE version: Java(TM) SE Runtime Environment (7.0_72-b14) (build 1.7.0_72-b14)
# Java VM: Java HotSpot(TM) Server VM (24.72-b04 mixed mode linux-x86 )
Heap
 PSYoungGen      total 63744K, used 7669K [0x9df80000, 0xa2600000, 0xb3500000)
  eden space 56064K, 0% used [0x9df80000,0x9df80000,0xa1640000)
  from space 7680K, 99% used [0xa1640000,0xa1dbd7b8,0xa1dc0000)
  to   space 6912K, 0% used [0xa1dc0000,0xa1dc0000,0xa2480000)
 ParOldGen       total 40704K, used 20654K [0x73500000, 0x75cc0000, 0x9df80000)
  object space 40704K, 50% used [0x73500000,0x7492b880,0x75cc0000)
 PSPermGen       total 16384K, used 3754K [0x6f500000, 0x70500000, 0x73500000)
  object space 16384K, 22% used [0x6f500000,0x6f8aabe8,0x70500000)
GC Heap History (10 events):
Event: 8.583 GC heap after
Heap after GC invocations=2 (full 0):
 PSYoungGen      total 17920K, used 2545K [0x9df80000, 0xa0280000, 0xb3500000)
  eden space 15360K, 0% used [0x9df80000,0x9df80000,0x9ee80000)
  from space 2560K, 99% used [0xa0000000,0xa027c4d0,0xa0280000)
  to   space 2560K, 0% used [0x9ee80000,0x9ee80000,0x9f100000)
 ParOldGen       total 40704K, used 3361K [0x73500000, 0x75cc0000, 0x9df80000)
  object space 40704K, 8% used [0x73500000,0x73848610,0x75cc0000)
 PSPermGen       total 16384K, used 3653K [0x6f500000, 0x70500000, 0x73500000)
  object space 16384K, 22% used [0x6f500000,0x6f891698,0x70500000)
}
Event: 11.521 GC heap before
{Heap before GC invocations=3 (full 0):
 PSYoungGen      total 17920K, used 17905K [0x9df80000, 0xa0280000, 0xb3500000)
  eden space 15360K, 100% used [0x9df80000,0x9ee80000,0x9ee80000)
  from space 2560K, 99% used [0xa0000000,0xa027c4d0,0xa0280000)
  to   space 2560K, 0% used [0x9ee80000,0x9ee80000,0x9f100000)
 ParOldGen       total 40704K, used 3361K [0x73500000, 0x75cc0000, 0x9df80000)
  object space 40704K, 8% used [0x73500000,0x73848610,0x75cc0000)
 PSPermGen       total 16384K, used 3678K [0x6f500000, 0x70500000, 0x73500000)
  object space 16384K, 22% used [0x6f500000,0x6f897870,0x70500000)
Event: 11.544 GC heap after
Heap after GC invocations=3 (full 0):
 PSYoungGen      total 17920K, used 2555K [0x9df80000, 0xa0040000, 0xb3500000)
  eden space 15360K, 0% used [0x9df80000,0x9df80000,0x9ee80000)
  from space 2560K, 99% used [0x9ee80000,0x9f0fed68,0x9f100000)
  to   space 2560K, 0% used [0x9fdc0000,0x9fdc0000,0xa0040000)
 ParOldGen       total 40704K, used 5817K [0x73500000, 0x75cc0000, 0x9df80000)
  object space 40704K, 14% used [0x73500000,0x73aae6f8,0x75cc0000)
 PSPermGen       total 16384K, used 3678K [0x6f500000, 0x70500000, 0x73500000)
  object space 16384K, 22% used [0x6f500000,0x6f897870,0x70500000)
}
Event: 12.820 GC heap before
{Heap before GC invocations=4 (full 0):
 PSYoungGen      total 17920K, used 17915K [0x9df80000, 0xa0040000, 0xb3500000)
  eden space 15360K, 100% used [0x9df80000,0x9ee80000,0x9ee80000)
  from space 2560K, 99% used [0x9ee80000,0x9f0fed68,0x9f100000)
  to   space 2560K, 0% used [0x9fdc0000,0x9fdc0000,0xa0040000)
 ParOldGen       total 40704K, used 5817K [0x73500000, 0x75cc0000, 0x9df80000)
  object space 40704K, 14% used [0x73500000,0x73aae6f8,0x75cc0000)
 PSPermGen       total 16384K, used 3706K [0x6f500000, 0x70500000, 0x73500000)
  object space 16384K, 22% used [0x6f500000,0x6f89ea08,0x70500000)
Event: 12.860 GC heap after
Heap after GC invocations=4 (full 0):
 PSYoungGen      total 30976K, used 2548K [0x9df80000, 0xa0280000, 0xb3500000)
  eden space 28416K, 0% used [0x9df80000,0x9df80000,0x9fb40000)
  from space 2560K, 99% used [0x9fdc0000,0xa003d208,0xa0040000)
  to   space 2560K, 0% used [0x9fb40000,0x9fb40000,0x9fdc0000)
 ParOldGen       total 40704K, used 8384K [0x73500000, 0x75cc0000, 0x9df80000)
  object space 40704K, 20% used [0x73500000,0x73d30120,0x75cc0000)
 PSPermGen       total 16384K, used 3706K [0x6f500000, 0x70500000, 0x73500000)
  object space 16384K, 22% used [0x6f500000,0x6f89ea08,0x70500000)
}
Event: 14.235 GC heap before
{Heap before GC invocations=5 (full 0):
 PSYoungGen      total 30976K, used 30964K [0x9df80000, 0xa0280000, 0xb3500000)
  eden space 28416K, 100% used [0x9df80000,0x9fb40000,0x9fb40000)
  from space 2560K, 99% used [0x9fdc0000,0xa003d208,0xa0040000)
  to   space 2560K, 0% used [0x9fb40000,0x9fb40000,0x9fdc0000)
 ParOldGen       total 40704K, used 8384K [0x73500000, 0x75cc0000, 0x9df80000)
  object space 40704K, 20% used [0x73500000,0x73d30120,0x75cc0000)
 PSPermGen       total 16384K, used 3723K [0x6f500000, 0x70500000, 0x73500000)
  object space 16384K, 22% used [0x6f500000,0x6f8a2e40,0x70500000)
Event: 14.280 GC heap after
Heap after GC invocations=5 (full 0):
 PSYoungGen      total 30976K, used 2545K [0x9df80000, 0xa2480000, 0xb3500000)
  eden space 28416K, 0% used [0x9df80000,0x9df80000,0x9fb40000)
  from space 2560K, 99% used [0x9fb40000,0x9fdbc430,0x9fdc0000)
  to   space 6912K, 0% used [0xa1dc0000,0xa1dc0000,0xa2480000)
 ParOldGen       total 40704K, used 12645K [0x73500000, 0x75cc0000, 0x9df80000)
  object space 40704K, 31% used [0x73500000,0x74159418,0x75cc0000)
 PSPermGen       total 16384K, used 3723K [0x6f500000, 0x70500000, 0x73500000)
  object space 16384K, 22% used [0x6f500000,0x6f8a2e40,0x70500000)
}
Event: 15.605 GC heap before
{Heap before GC invocations=6 (full 0):
 PSYoungGen      total 30976K, used 30961K [0x9df80000, 0xa2480000, 0xb3500000)
  eden space 28416K, 100% used [0x9df80000,0x9fb40000,0x9fb40000)
  from space 2560K, 99% used [0x9fb40000,0x9fdbc430,0x9fdc0000)
  to   space 6912K, 0% used [0xa1dc0000,0xa1dc0000,0xa2480000)
 ParOldGen       total 40704K, used 12645K [0x73500000, 0x75cc0000, 0x9df80000)
  object space 40704K, 31% used [0x73500000,0x74159418,0x75cc0000)
 PSPermGen       total 16384K, used 3735K [0x6f500000, 0x70500000, 0x73500000)
  object space 16384K, 22% used [0x6f500000,0x6f8a5c70,0x70500000)
Event: 15.643 GC heap after
Heap after GC invocations=6 (full 0):
 PSYoungGen      total 62976K, used 6899K [0x9df80000, 0xa2600000, 0xb3500000)
  eden space 56064K, 0% used [0x9df80000,0x9df80000,0xa1640000)
  from space 6912K, 99% used [0xa1dc0000,0xa247cd30,0xa2480000)
  to   space 7680K, 0% used [0xa1640000,0xa1640000,0xa1dc0000)
 ParOldGen       total 40704K, used 12645K [0x73500000, 0x75cc0000, 0x9df80000)
  object space 40704K, 31% used [0x73500000,0x74159418,0x75cc0000)
 PSPermGen       total 16384K, used 3735K [0x6f500000, 0x70500000, 0x73500000)
  object space 16384K, 22% used [0x6f500000,0x6f8a5c70,0x70500000)
}
Event: 17.354 GC heap before
{Heap before GC invocations=7 (full 0):
 PSYoungGen      total 62976K, used 62963K [0x9df80000, 0xa2600000, 0xb3500000)
  eden space 56064K, 100% used [0x9df80000,0xa1640000,0xa1640000)
  from space 6912K, 99% used [0xa1dc0000,0xa247cd30,0xa2480000)
  to   space 7680K, 0% used [0xa1640000,0xa1640000,0xa1dc0000)
 ParOldGen       total 40704K, used 12645K [0x73500000, 0x75cc0000, 0x9df80000)
  object space 40704K, 31% used [0x73500000,0x74159418,0x75cc0000)
 PSPermGen       total 16384K, used 3754K [0x6f500000, 0x70500000, 0x73500000)
  object space 16384K, 22% used [0x6f500000,0x6f8aabe8,0x70500000)

