# JRE version: OpenJDK Runtime Environment (7.0_75-b13) (build 1.7.0_75-b13)
# Java VM: OpenJDK Server VM (24.75-b04 mixed mode linux-x86 )
Heap
 PSYoungGen      total 17920K, used 2554K [0x9dd80000, 0x9f180000, 0xb3300000)
  eden space 15360K, 0% used [0x9dd80000,0x9dd80000,0x9ec80000)
  from space 2560K, 99% used [0x9ef00000,0x9f17ea18,0x9f180000)
  to   space 2560K, 0% used [0x9ec80000,0x9ec80000,0x9ef00000)
 ParOldGen       total 40704K, used 19977K [0x73300000, 0x75ac0000, 0x9dd80000)
  object space 40704K, 49% used [0x73300000,0x74682470,0x75ac0000)
 PSPermGen       total 16384K, used 4722K [0x6b300000, 0x6c300000, 0x73300000)
  object space 16384K, 28% used [0x6b300000,0x6b79cba8,0x6c300000)
GC Heap History (7 events):
Event: 2.501 GC heap before
{Heap before GC invocations=1 (full 0):
 PSYoungGen      total 17920K, used 15360K [0x9dd80000, 0x9f180000, 0xb3300000)
  eden space 15360K, 100% used [0x9dd80000,0x9ec80000,0x9ec80000)
  from space 2560K, 0% used [0x9ef00000,0x9ef00000,0x9f180000)
  to   space 2560K, 0% used [0x9ec80000,0x9ec80000,0x9ef00000)
 ParOldGen       total 40704K, used 0K [0x73300000, 0x75ac0000, 0x9dd80000)
  object space 40704K, 0% used [0x73300000,0x73300000,0x75ac0000)
 PSPermGen       total 16384K, used 3479K [0x6b300000, 0x6c300000, 0x73300000)
  object space 16384K, 21% used [0x6b300000,0x6b665fe0,0x6c300000)
Event: 2.509 GC heap after
Heap after GC invocations=1 (full 0):
 PSYoungGen      total 17920K, used 2550K [0x9dd80000, 0x9f180000, 0xb3300000)
  eden space 15360K, 0% used [0x9dd80000,0x9dd80000,0x9ec80000)
  from space 2560K, 99% used [0x9ec80000,0x9eefd838,0x9ef00000)
  to   space 2560K, 0% used [0x9ef00000,0x9ef00000,0x9f180000)
 ParOldGen       total 40704K, used 1500K [0x73300000, 0x75ac0000, 0x9dd80000)
  object space 40704K, 3% used [0x73300000,0x73477398,0x75ac0000)
 PSPermGen       total 16384K, used 3479K [0x6b300000, 0x6c300000, 0x73300000)
  object space 16384K, 21% used [0x6b300000,0x6b665fe0,0x6c300000)
}
Event: 5.215 GC heap before
{Heap before GC invocations=2 (full 0):
 PSYoungGen      total 17920K, used 17876K [0x9dd80000, 0x9f180000, 0xb3300000)
  eden space 15360K, 99% used [0x9dd80000,0x9ec77b68,0x9ec80000)
  from space 2560K, 99% used [0x9ec80000,0x9eefd838,0x9ef00000)
  to   space 2560K, 0% used [0x9ef00000,0x9ef00000,0x9f180000)
 ParOldGen       total 40704K, used 1500K [0x73300000, 0x75ac0000, 0x9dd80000)
  object space 40704K, 3% used [0x73300000,0x73477398,0x75ac0000)
 PSPermGen       total 16384K, used 4669K [0x6b300000, 0x6c300000, 0x73300000)
  object space 16384K, 28% used [0x6b300000,0x6b78f460,0x6c300000)
Event: 5.222 GC heap after
Heap after GC invocations=2 (full 0):
 PSYoungGen      total 17920K, used 2551K [0x9dd80000, 0x9f180000, 0xb3300000)
  eden space 15360K, 0% used [0x9dd80000,0x9dd80000,0x9ec80000)
  from space 2560K, 99% used [0x9ef00000,0x9f17deb0,0x9f180000)
  to   space 2560K, 0% used [0x9ec80000,0x9ec80000,0x9ef00000)
 ParOldGen       total 40704K, used 5051K [0x73300000, 0x75ac0000, 0x9dd80000)
  object space 40704K, 12% used [0x73300000,0x737eec08,0x75ac0000)
 PSPermGen       total 16384K, used 4669K [0x6b300000, 0x6c300000, 0x73300000)
  object space 16384K, 28% used [0x6b300000,0x6b78f460,0x6c300000)
}
Event: 5.683 GC heap before
{Heap before GC invocations=3 (full 0):
 PSYoungGen      total 17920K, used 17911K [0x9dd80000, 0x9f180000, 0xb3300000)
  eden space 15360K, 100% used [0x9dd80000,0x9ec80000,0x9ec80000)
  from space 2560K, 99% used [0x9ef00000,0x9f17deb0,0x9f180000)
  to   space 2560K, 0% used [0x9ec80000,0x9ec80000,0x9ef00000)
 ParOldGen       total 40704K, used 5051K [0x73300000, 0x75ac0000, 0x9dd80000)
  object space 40704K, 12% used [0x73300000,0x737eec08,0x75ac0000)
 PSPermGen       total 16384K, used 4710K [0x6b300000, 0x6c300000, 0x73300000)
  object space 16384K, 28% used [0x6b300000,0x6b7999c8,0x6c300000)
Event: 5.687 GC heap after
Heap after GC invocations=3 (full 0):
 PSYoungGen      total 17920K, used 2441K [0x9dd80000, 0x9f180000, 0xb3300000)
  eden space 15360K, 0% used [0x9dd80000,0x9dd80000,0x9ec80000)
  from space 2560K, 95% used [0x9ec80000,0x9eee2430,0x9ef00000)
  to   space 2560K, 0% used [0x9ef00000,0x9ef00000,0x9f180000)
 ParOldGen       total 40704K, used 8295K [0x73300000, 0x75ac0000, 0x9dd80000)
  object space 40704K, 20% used [0x73300000,0x73b19d68,0x75ac0000)
 PSPermGen       total 16384K, used 4710K [0x6b300000, 0x6c300000, 0x73300000)
  object space 16384K, 28% used [0x6b300000,0x6b7999c8,0x6c300000)
}
Event: 5.832 GC heap before
{Heap before GC invocations=4 (full 0):
 PSYoungGen      total 17920K, used 17801K [0x9dd80000, 0x9f180000, 0xb3300000)
  eden space 15360K, 100% used [0x9dd80000,0x9ec80000,0x9ec80000)
  from space 2560K, 95% used [0x9ec80000,0x9eee2430,0x9ef00000)
  to   space 2560K, 0% used [0x9ef00000,0x9ef00000,0x9f180000)
 ParOldGen       total 40704K, used 8295K [0x73300000, 0x75ac0000, 0x9dd80000)
  object space 40704K, 20% used [0x73300000,0x73b19d68,0x75ac0000)
 PSPermGen       total 16384K, used 4722K [0x6b300000, 0x6c300000, 0x73300000)
  object space 16384K, 28% used [0x6b300000,0x6b79cba8,0x6c300000)

