# JRE version: Java(TM) SE Runtime Environment (7.0_72-b14) (build 1.7.0_72-b14)
# Java VM: Java HotSpot(TM) Server VM (24.72-b04 mixed mode linux-x86 )
Heap
 PSYoungGen      total 33280K, used 2544K [0x9dfc0000, 0xa02c0000, 0xb3540000)
  eden space 30720K, 0% used [0x9dfc0000,0x9dfc0000,0x9fdc0000)
  from space 2560K, 99% used [0x9fdc0000,0xa003c208,0xa0040000)
  to   space 2560K, 0% used [0xa0040000,0xa0040000,0xa02c0000)
 ParOldGen       total 40704K, used 29377K [0x73540000, 0x75d00000, 0x9dfc0000)
  object space 40704K, 72% used [0x73540000,0x751f0600,0x75d00000)
 PSPermGen       total 16384K, used 4421K [0x6f540000, 0x70540000, 0x73540000)
  object space 16384K, 26% used [0x6f540000,0x6f991610,0x70540000)
GC Heap History (9 events):
Event: 3.732 GC heap before
{Heap before GC invocations=1 (full 0):
 PSYoungGen      total 17920K, used 15229K [0x9dfc0000, 0x9f3c0000, 0xb3540000)
  eden space 15360K, 99% used [0x9dfc0000,0x9ee9f7c0,0x9eec0000)
  from space 2560K, 0% used [0x9f140000,0x9f140000,0x9f3c0000)
  to   space 2560K, 0% used [0x9eec0000,0x9eec0000,0x9f140000)
 ParOldGen       total 40704K, used 0K [0x73540000, 0x75d00000, 0x9dfc0000)
  object space 40704K, 0% used [0x73540000,0x73540000,0x75d00000)
 PSPermGen       total 16384K, used 3525K [0x6f540000, 0x70540000, 0x73540000)
  object space 16384K, 21% used [0x6f540000,0x6f8b14b8,0x70540000)
Event: 3.739 GC heap after
Heap after GC invocations=1 (full 0):
 PSYoungGen      total 17920K, used 2548K [0x9dfc0000, 0x9f3c0000, 0xb3540000)
  eden space 15360K, 0% used [0x9dfc0000,0x9dfc0000,0x9eec0000)
  from space 2560K, 99% used [0x9eec0000,0x9f13d050,0x9f140000)
  to   space 2560K, 0% used [0x9f140000,0x9f140000,0x9f3c0000)
 ParOldGen       total 40704K, used 1930K [0x73540000, 0x75d00000, 0x9dfc0000)
  object space 40704K, 4% used [0x73540000,0x73722930,0x75d00000)
 PSPermGen       total 16384K, used 3525K [0x6f540000, 0x70540000, 0x73540000)
  object space 16384K, 21% used [0x6f540000,0x6f8b14b8,0x70540000)
}
Event: 4.462 GC heap before
{Heap before GC invocations=2 (full 0):
 PSYoungGen      total 17920K, used 17908K [0x9dfc0000, 0x9f3c0000, 0xb3540000)
  eden space 15360K, 100% used [0x9dfc0000,0x9eec0000,0x9eec0000)
  from space 2560K, 99% used [0x9eec0000,0x9f13d050,0x9f140000)
  to   space 2560K, 0% used [0x9f140000,0x9f140000,0x9f3c0000)
 ParOldGen       total 40704K, used 1930K [0x73540000, 0x75d00000, 0x9dfc0000)
  object space 40704K, 4% used [0x73540000,0x73722930,0x75d00000)
 PSPermGen       total 16384K, used 4369K [0x6f540000, 0x70540000, 0x73540000)
  object space 16384K, 26% used [0x6f540000,0x6f984468,0x70540000)
Event: 4.468 GC heap after
Heap after GC invocations=2 (full 0):
 PSYoungGen      total 17920K, used 2559K [0x9dfc0000, 0x9f3c0000, 0xb3540000)
  eden space 15360K, 0% used [0x9dfc0000,0x9dfc0000,0x9eec0000)
  from space 2560K, 99% used [0x9f140000,0x9f3bfdd0,0x9f3c0000)
  to   space 2560K, 0% used [0x9eec0000,0x9eec0000,0x9f140000)
 ParOldGen       total 40704K, used 5532K [0x73540000, 0x75d00000, 0x9dfc0000)
  object space 40704K, 13% used [0x73540000,0x73aa71f8,0x75d00000)
 PSPermGen       total 16384K, used 4369K [0x6f540000, 0x70540000, 0x73540000)
  object space 16384K, 26% used [0x6f540000,0x6f984468,0x70540000)
}
Event: 4.754 GC heap before
{Heap before GC invocations=3 (full 0):
 PSYoungGen      total 17920K, used 17919K [0x9dfc0000, 0x9f3c0000, 0xb3540000)
  eden space 15360K, 100% used [0x9dfc0000,0x9eec0000,0x9eec0000)
  from space 2560K, 99% used [0x9f140000,0x9f3bfdd0,0x9f3c0000)
  to   space 2560K, 0% used [0x9eec0000,0x9eec0000,0x9f140000)
 ParOldGen       total 40704K, used 5532K [0x73540000, 0x75d00000, 0x9dfc0000)
  object space 40704K, 13% used [0x73540000,0x73aa71f8,0x75d00000)
 PSPermGen       total 16384K, used 4390K [0x6f540000, 0x70540000, 0x73540000)
  object space 16384K, 26% used [0x6f540000,0x6f989be0,0x70540000)
Event: 4.761 GC heap after
Heap after GC invocations=3 (full 0):
 PSYoungGen      total 17920K, used 2549K [0x9dfc0000, 0xa02c0000, 0xb3540000)
  eden space 15360K, 0% used [0x9dfc0000,0x9dfc0000,0x9eec0000)
  from space 2560K, 99% used [0x9eec0000,0x9f13d6e0,0x9f140000)
  to   space 2560K, 0% used [0xa0040000,0xa0040000,0xa02c0000)
 ParOldGen       total 40704K, used 17205K [0x73540000, 0x75d00000, 0x9dfc0000)
  object space 40704K, 42% used [0x73540000,0x7460d6c0,0x75d00000)
 PSPermGen       total 16384K, used 4390K [0x6f540000, 0x70540000, 0x73540000)
  object space 16384K, 26% used [0x6f540000,0x6f989be0,0x70540000)
}
Event: 4.958 GC heap before
{Heap before GC invocations=4 (full 0):
 PSYoungGen      total 17920K, used 17909K [0x9dfc0000, 0xa02c0000, 0xb3540000)
  eden space 15360K, 100% used [0x9dfc0000,0x9eec0000,0x9eec0000)
  from space 2560K, 99% used [0x9eec0000,0x9f13d6e0,0x9f140000)
  to   space 2560K, 0% used [0xa0040000,0xa0040000,0xa02c0000)
 ParOldGen       total 40704K, used 17205K [0x73540000, 0x75d00000, 0x9dfc0000)
  object space 40704K, 42% used [0x73540000,0x7460d6c0,0x75d00000)
 PSPermGen       total 16384K, used 4407K [0x6f540000, 0x70540000, 0x73540000)
  object space 16384K, 26% used [0x6f540000,0x6f98dcc0,0x70540000)
Event: 4.965 GC heap after
Heap after GC invocations=4 (full 0):
 PSYoungGen      total 33280K, used 2544K [0x9dfc0000, 0xa02c0000, 0xb3540000)
  eden space 30720K, 0% used [0x9dfc0000,0x9dfc0000,0x9fdc0000)
  from space 2560K, 99% used [0xa0040000,0xa02bc308,0xa02c0000)
  to   space 2560K, 0% used [0x9fdc0000,0x9fdc0000,0xa0040000)
 ParOldGen       total 40704K, used 17897K [0x73540000, 0x75d00000, 0x9dfc0000)
  object space 40704K, 43% used [0x73540000,0x746ba750,0x75d00000)
 PSPermGen       total 16384K, used 4407K [0x6f540000, 0x70540000, 0x73540000)
  object space 16384K, 26% used [0x6f540000,0x6f98dcc0,0x70540000)
}
Event: 5.242 GC heap before
{Heap before GC invocations=5 (full 0):
 PSYoungGen      total 33280K, used 33264K [0x9dfc0000, 0xa02c0000, 0xb3540000)
  eden space 30720K, 100% used [0x9dfc0000,0x9fdc0000,0x9fdc0000)
  from space 2560K, 99% used [0xa0040000,0xa02bc308,0xa02c0000)
  to   space 2560K, 0% used [0x9fdc0000,0x9fdc0000,0xa0040000)
 ParOldGen       total 40704K, used 17897K [0x73540000, 0x75d00000, 0x9dfc0000)
  object space 40704K, 43% used [0x73540000,0x746ba750,0x75d00000)
 PSPermGen       total 16384K, used 4421K [0x6f540000, 0x70540000, 0x73540000)
  object space 16384K, 26% used [0x6f540000,0x6f991610,0x70540000)

