# JRE version: Java(TM) SE Runtime Environment (7.0_72-b14) (build 1.7.0_72-b14)
# Java VM: Java HotSpot(TM) Server VM (24.72-b04 mixed mode linux-x86 )
Heap
 PSYoungGen      total 68352K, used 8184K [0x9dfc0000, 0xa2bc0000, 0xb3540000)
  eden space 60160K, 0% used [0x9dfc0000,0x9dfc0000,0xa1a80000)
  from space 8192K, 99% used [0xa1a80000,0xa227e140,0xa2280000)
  to   space 6912K, 0% used [0xa2280000,0xa2280000,0xa2940000)
 ParOldGen       total 40704K, used 21816K [0x73540000, 0x75d00000, 0x9dfc0000)
  object space 40704K, 53% used [0x73540000,0x74a8e170,0x75d00000)
 PSPermGen       total 16384K, used 3762K [0x6f540000, 0x70540000, 0x73540000)
  object space 16384K, 22% used [0x6f540000,0x6f8ec950,0x70540000)
GC Heap History (10 events):
Event: 4.628 GC heap after
Heap after GC invocations=2 (full 0):
 PSYoungGen      total 17920K, used 2555K [0x9dfc0000, 0xa02c0000, 0xb3540000)
  eden space 15360K, 0% used [0x9dfc0000,0x9dfc0000,0x9eec0000)
  from space 2560K, 99% used [0x9f140000,0x9f3bed10,0x9f3c0000)
  to   space 2560K, 0% used [0x9eec0000,0x9eec0000,0x9f140000)
 ParOldGen       total 40704K, used 3450K [0x73540000, 0x75d00000, 0x9dfc0000)
  object space 40704K, 8% used [0x73540000,0x7389eb70,0x75d00000)
 PSPermGen       total 16384K, used 3655K [0x6f540000, 0x70540000, 0x73540000)
  object space 16384K, 22% used [0x6f540000,0x6f8d1e50,0x70540000)
}
Event: 6.017 GC heap before
{Heap before GC invocations=3 (full 0):
 PSYoungGen      total 17920K, used 17915K [0x9dfc0000, 0xa02c0000, 0xb3540000)
  eden space 15360K, 100% used [0x9dfc0000,0x9eec0000,0x9eec0000)
  from space 2560K, 99% used [0x9f140000,0x9f3bed10,0x9f3c0000)
  to   space 2560K, 0% used [0x9eec0000,0x9eec0000,0x9f140000)
 ParOldGen       total 40704K, used 3450K [0x73540000, 0x75d00000, 0x9dfc0000)
  object space 40704K, 8% used [0x73540000,0x7389eb70,0x75d00000)
 PSPermGen       total 16384K, used 3685K [0x6f540000, 0x70540000, 0x73540000)
  object space 16384K, 22% used [0x6f540000,0x6f8d9430,0x70540000)
Event: 6.047 GC heap after
Heap after GC invocations=3 (full 0):
 PSYoungGen      total 17920K, used 2549K [0x9dfc0000, 0xa02c0000, 0xb3540000)
  eden space 15360K, 0% used [0x9dfc0000,0x9dfc0000,0x9eec0000)
  from space 2560K, 99% used [0x9eec0000,0x9f13d668,0x9f140000)
  to   space 2560K, 0% used [0xa0040000,0xa0040000,0xa02c0000)
 ParOldGen       total 40704K, used 5675K [0x73540000, 0x75d00000, 0x9dfc0000)
  object space 40704K, 13% used [0x73540000,0x73acade0,0x75d00000)
 PSPermGen       total 16384K, used 3685K [0x6f540000, 0x70540000, 0x73540000)
  object space 16384K, 22% used [0x6f540000,0x6f8d9430,0x70540000)
}
Event: 7.589 GC heap before
{Heap before GC invocations=4 (full 0):
 PSYoungGen      total 17920K, used 17909K [0x9dfc0000, 0xa02c0000, 0xb3540000)
  eden space 15360K, 100% used [0x9dfc0000,0x9eec0000,0x9eec0000)
  from space 2560K, 99% used [0x9eec0000,0x9f13d668,0x9f140000)
  to   space 2560K, 0% used [0xa0040000,0xa0040000,0xa02c0000)
 ParOldGen       total 40704K, used 5675K [0x73540000, 0x75d00000, 0x9dfc0000)
  object space 40704K, 13% used [0x73540000,0x73acade0,0x75d00000)
 PSPermGen       total 16384K, used 3702K [0x6f540000, 0x70540000, 0x73540000)
  object space 16384K, 22% used [0x6f540000,0x6f8dd9a0,0x70540000)
Event: 7.642 GC heap after
Heap after GC invocations=4 (full 0):
 PSYoungGen      total 33280K, used 2555K [0x9dfc0000, 0xa02c0000, 0xb3540000)
  eden space 30720K, 0% used [0x9dfc0000,0x9dfc0000,0x9fdc0000)
  from space 2560K, 99% used [0xa0040000,0xa02bee50,0xa02c0000)
  to   space 2560K, 0% used [0x9fdc0000,0x9fdc0000,0xa0040000)
 ParOldGen       total 40704K, used 8134K [0x73540000, 0x75d00000, 0x9dfc0000)
  object space 40704K, 19% used [0x73540000,0x73d31ae8,0x75d00000)
 PSPermGen       total 16384K, used 3702K [0x6f540000, 0x70540000, 0x73540000)
  object space 16384K, 22% used [0x6f540000,0x6f8dd9a0,0x70540000)
}
Event: 10.469 GC heap before
{Heap before GC invocations=5 (full 0):
 PSYoungGen      total 33280K, used 33275K [0x9dfc0000, 0xa02c0000, 0xb3540000)
  eden space 30720K, 100% used [0x9dfc0000,0x9fdc0000,0x9fdc0000)
  from space 2560K, 99% used [0xa0040000,0xa02bee50,0xa02c0000)
  to   space 2560K, 0% used [0x9fdc0000,0x9fdc0000,0xa0040000)
 ParOldGen       total 40704K, used 8134K [0x73540000, 0x75d00000, 0x9dfc0000)
  object space 40704K, 19% used [0x73540000,0x73d31ae8,0x75d00000)
 PSPermGen       total 16384K, used 3720K [0x6f540000, 0x70540000, 0x73540000)
  object space 16384K, 22% used [0x6f540000,0x6f8e2350,0x70540000)
Event: 10.530 GC heap after
Heap after GC invocations=5 (full 0):
 PSYoungGen      total 33280K, used 2549K [0x9dfc0000, 0xa2940000, 0xb3540000)
  eden space 30720K, 0% used [0x9dfc0000,0x9dfc0000,0x9fdc0000)
  from space 2560K, 99% used [0x9fdc0000,0xa003d7d8,0xa0040000)
  to   space 6912K, 0% used [0xa2280000,0xa2280000,0xa2940000)
 ParOldGen       total 40704K, used 12363K [0x73540000, 0x75d00000, 0x9dfc0000)
  object space 40704K, 30% used [0x73540000,0x74152de8,0x75d00000)
 PSPermGen       total 16384K, used 3720K [0x6f540000, 0x70540000, 0x73540000)
  object space 16384K, 22% used [0x6f540000,0x6f8e2350,0x70540000)
}
Event: 12.683 GC heap before
{Heap before GC invocations=6 (full 0):
 PSYoungGen      total 33280K, used 33269K [0x9dfc0000, 0xa2940000, 0xb3540000)
  eden space 30720K, 100% used [0x9dfc0000,0x9fdc0000,0x9fdc0000)
  from space 2560K, 99% used [0x9fdc0000,0xa003d7d8,0xa0040000)
  to   space 6912K, 0% used [0xa2280000,0xa2280000,0xa2940000)
 ParOldGen       total 40704K, used 12363K [0x73540000, 0x75d00000, 0x9dfc0000)
  object space 40704K, 30% used [0x73540000,0x74152de8,0x75d00000)
 PSPermGen       total 16384K, used 3743K [0x6f540000, 0x70540000, 0x73540000)
  object space 16384K, 22% used [0x6f540000,0x6f8e7d28,0x70540000)
Event: 12.758 GC heap after
Heap after GC invocations=6 (full 0):
 PSYoungGen      total 67072K, used 6911K [0x9dfc0000, 0xa2bc0000, 0xb3540000)
  eden space 60160K, 0% used [0x9dfc0000,0x9dfc0000,0xa1a80000)
  from space 6912K, 99% used [0xa2280000,0xa293fd20,0xa2940000)
  to   space 8192K, 0% used [0xa1a80000,0xa1a80000,0xa2280000)
 ParOldGen       total 40704K, used 13401K [0x73540000, 0x75d00000, 0x9dfc0000)
  object space 40704K, 32% used [0x73540000,0x74256738,0x75d00000)
 PSPermGen       total 16384K, used 3743K [0x6f540000, 0x70540000, 0x73540000)
  object space 16384K, 22% used [0x6f540000,0x6f8e7d28,0x70540000)
}
Event: 16.869 GC heap before
{Heap before GC invocations=7 (full 0):
 PSYoungGen      total 67072K, used 67071K [0x9dfc0000, 0xa2bc0000, 0xb3540000)
  eden space 60160K, 100% used [0x9dfc0000,0xa1a80000,0xa1a80000)
  from space 6912K, 99% used [0xa2280000,0xa293fd20,0xa2940000)
  to   space 8192K, 0% used [0xa1a80000,0xa1a80000,0xa2280000)
 ParOldGen       total 40704K, used 13401K [0x73540000, 0x75d00000, 0x9dfc0000)
  object space 40704K, 32% used [0x73540000,0x74256738,0x75d00000)
 PSPermGen       total 16384K, used 3762K [0x6f540000, 0x70540000, 0x73540000)
  object space 16384K, 22% used [0x6f540000,0x6f8ec950,0x70540000)

